Using pre-set license
Built from '2021.3/staging' branch; Version is '2021.3.6f1 (7da38d85baf6) revision 8233869'; Using compiler version '192829333'; Build Type 'Release'
OS: 'Windows 11  (10.0.22621) 64bit Core' Language: 'en' Physical Memory: 16173 MB
BatchMode: 1, IsHumanControllingUs: 0, StartBugReporterOnCrash: 0, Is64bit: 1, IsPro: 1

COMMAND LINE ARGUMENTS:
C:\Program Files\Unity\Hub\Editor\2021.3.6f1\Editor\Unity.exe
-adb2
-batchMode
-noUpm
-name
AssetImportWorker2
-projectPath
D:/Ball Maze
-logFile
Logs/AssetImportWorker2.log
-srvPort
56403
Successfully changed project path to: D:/Ball Maze
D:/Ball Maze
[UnityMemory] Configuration Parameters - Can be set up in boot.config
    "memorysetup-bucket-allocator-granularity=16"
    "memorysetup-bucket-allocator-bucket-count=8"
    "memorysetup-bucket-allocator-block-size=33554432"
    "memorysetup-bucket-allocator-block-count=8"
    "memorysetup-main-allocator-block-size=16777216"
    "memorysetup-thread-allocator-block-size=16777216"
    "memorysetup-gfx-main-allocator-block-size=16777216"
    "memorysetup-gfx-thread-allocator-block-size=16777216"
    "memorysetup-cache-allocator-block-size=4194304"
    "memorysetup-typetree-allocator-block-size=2097152"
    "memorysetup-profiler-bucket-allocator-granularity=16"
    "memorysetup-profiler-bucket-allocator-bucket-count=8"
    "memorysetup-profiler-bucket-allocator-block-size=33554432"
    "memorysetup-profiler-bucket-allocator-block-count=8"
    "memorysetup-profiler-allocator-block-size=16777216"
    "memorysetup-profiler-editor-allocator-block-size=1048576"
    "memorysetup-temp-allocator-size-main=16777216"
    "memorysetup-job-temp-allocator-block-size=2097152"
    "memorysetup-job-temp-allocator-block-size-background=1048576"
    "memorysetup-job-temp-allocator-reduction-small-platforms=262144"
    "memorysetup-temp-allocator-size-background-worker=32768"
    "memorysetup-temp-allocator-size-job-worker=262144"
    "memorysetup-temp-allocator-size-preload-manager=33554432"
    "memorysetup-temp-allocator-size-nav-mesh-worker=65536"
    "memorysetup-temp-allocator-size-audio-worker=65536"
    "memorysetup-temp-allocator-size-cloud-worker=32768"
    "memorysetup-temp-allocator-size-gi-baking-worker=262144"
    "memorysetup-temp-allocator-size-gfx=262144"
Refreshing native plugins compatible for Editor in 133.12 ms, found 3 plugins.
Preloading 0 native plugins for Editor in 0.00 ms.
Initialize engine version: 2021.3.6f1 (7da38d85baf6)
[Subsystems] Discovering subsystems at path C:/Program Files/Unity/Hub/Editor/2021.3.6f1/Editor/Data/Resources/UnitySubsystems
[Subsystems] Discovering subsystems at path D:/Ball Maze/Assets
GfxDevice: creating device client; threaded=0; jobified=0
Direct3D:
    Version:  Direct3D 11.0 [level 11.1]
    Renderer: NVIDIA GeForce RTX 3060 Laptop GPU (ID=0x2520)
    Vendor:   NVIDIA
    VRAM:     6009 MB
    Driver:   31.0.15.2824
Initialize mono
Mono path[0] = 'C:/Program Files/Unity/Hub/Editor/2021.3.6f1/Editor/Data/Managed'
Mono path[1] = 'C:/Program Files/Unity/Hub/Editor/2021.3.6f1/Editor/Data/MonoBleedingEdge/lib/mono/unityjit-win32'
Mono config path = 'C:/Program Files/Unity/Hub/Editor/2021.3.6f1/Editor/Data/MonoBleedingEdge/etc'
Using monoOptions --debugger-agent=transport=dt_socket,embedding=1,server=y,suspend=n,address=127.0.0.1:56220
Begin MonoManager ReloadAssembly
Registering precompiled unity dll's ...
Register platform support module: C:/Program Files/Unity/Hub/Editor/2021.3.6f1/Editor/Data/PlaybackEngines/WindowsStandaloneSupport/UnityEditor.WindowsStandalone.Extensions.dll
Registered in 0.005296 seconds.
Native extension for WindowsStandalone target not found
Refreshing native plugins compatible for Editor in 118.01 ms, found 3 plugins.
Preloading 0 native plugins for Editor in 0.00 ms.
Mono: successfully reloaded assembly
- Completed reload, in  0.643 seconds
Domain Reload Profiling:
	ReloadAssembly (644ms)
		BeginReloadAssembly (71ms)
			ExecutionOrderSort (0ms)
			DisableScriptedObjects (0ms)
			BackupInstance (0ms)
			ReleaseScriptingObjects (0ms)
			CreateAndSetChildDomain (1ms)
		EndReloadAssembly (471ms)
			LoadAssemblies (69ms)
			RebuildTransferFunctionScriptingTraits (0ms)
			SetupTypeCache (96ms)
			ReleaseScriptCaches (0ms)
			RebuildScriptCaches (28ms)
			SetupLoadedEditorAssemblies (300ms)
				LogAssemblyErrors (0ms)
				InitializePlatformSupportModulesInManaged (7ms)
				SetLoadedEditorAssemblies (0ms)
				RefreshPlugins (118ms)
				BeforeProcessingInitializeOnLoad (1ms)
				ProcessInitializeOnLoadAttributes (132ms)
				ProcessInitializeOnLoadMethodAttributes (42ms)
				AfterProcessingInitializeOnLoad (0ms)
				EditorAssembliesLoaded (0ms)
			ExecutionOrderSort2 (0ms)
			AwakeInstancesAfterBackupRestoration (0ms)
Platform modules already initialized, skipping
Registering precompiled user dll's ...
Registered in 0.021347 seconds.
Begin MonoManager ReloadAssembly
Symbol file LoadedFromMemory doesn't match image D:\Ball Maze\Library\PackageCache\com.unity.visualscripting@1.7.8\Editor\VisualScripting.Core\Dependencies\YamlDotNet\Unity.VisualScripting.YamlDotNet.dll
Symbol file LoadedFromMemory doesn't match image D:\Ball Maze\Library\PackageCache\com.unity.visualscripting@1.7.8\Editor\VisualScripting.Core\Dependencies\DotNetZip\Unity.VisualScripting.IonicZip.dll
Native extension for WindowsStandalone target not found
Refreshing native plugins compatible for Editor in 122.33 ms, found 3 plugins.
Preloading 0 native plugins for Editor in 0.00 ms.
System.Exception: Error! Visual Scripting: couldn't find visual scripting package
  at Unity.VisualScripting.PackageVersionUtility.get_version () [0x00043] in D:\Ball Maze\Library\PackageCache\com.unity.visualscripting@1.7.8\Editor\VisualScripting.Core\Utilities\PackageVersionUtility.cs:31 
  at Unity.VisualScripting.BoltCoreManifest.get_version () [0x00000] in D:\Ball Maze\Library\PackageCache\com.unity.visualscripting@1.7.8\Editor\VisualScripting.Core\Plugin\BoltCoreManifest.cs:11 
  at Unity.VisualScripting.PluginManifest.get_currentVersion () [0x00000] in D:\Ball Maze\Library\PackageCache\com.unity.visualscripting@1.7.8\Editor\VisualScripting.Core\Plugins\PluginManifest.cs:33 
  at Unity.VisualScripting.PluginManifest.get_versionMismatch () [0x00000] in D:\Ball Maze\Library\PackageCache\com.unity.visualscripting@1.7.8\Editor\VisualScripting.Core\Plugins\PluginManifest.cs:48 
  at Unity.VisualScripting.PluginContainer.Initialize () [0x00525] in D:\Ball Maze\Library\PackageCache\com.unity.visualscripting@1.7.8\Editor\VisualScripting.Core\Plugins\PluginContainer.cs:208 
  at Unity.VisualScripting.PluginContainer.InitializeOnLoad () [0x00009] in D:\Ball Maze\Library\PackageCache\com.unity.visualscripting@1.7.8\Editor\VisualScripting.Core\Plugins\PluginContainer.cs:32 
  at Unity.VisualScripting.VSUsageUtility.DoInitializeOnLoadCalls () [0x00034] in D:\Ball Maze\Library\PackageCache\com.unity.visualscripting@1.7.8\Editor\VisualScripting.Core\Utilities\VSUsageUtility.cs:76 
  at Unity.VisualScripting.VSUsageUtility.set_isVisualScriptingUsed (System.Boolean value) [0x0002c] in D:\Ball Maze\Library\PackageCache\com.unity.visualscripting@1.7.8\Editor\VisualScripting.Core\Utilities\VSUsageUtility.cs:114 
  at Unity.VisualScripting.VSUsageUtility.CheckAndSetIsVisualScriptingUsed () [0x00032] in D:\Ball Maze\Library\PackageCache\com.unity.visualscripting@1.7.8\Editor\VisualScripting.Core\Utilities\VSUsageUtility.cs:48 
  at Unity.VisualScripting.VSUsageUtility..cctor () [0x00000] in D:\Ball Maze\Library\PackageCache\com.unity.visualscripting@1.7.8\Editor\VisualScripting.Core\Utilities\VSUsageUtility.cs:22 
UnityEngine.StackTraceUtility:ExtractStackTrace ()
UnityEngine.DebugLogHandler:LogFormat (UnityEngine.LogType,UnityEngine.Object,string,object[])
UnityEngine.Logger:Log (UnityEngine.LogType,object)
UnityEngine.Debug:LogError (object)
UnityEditor.EditorAssemblies:ProcessInitializeOnLoadAttributes (System.Type[])

Mono: successfully reloaded assembly
- Completed reload, in  1.935 seconds
Domain Reload Profiling:
	ReloadAssembly (1936ms)
		BeginReloadAssembly (97ms)
			ExecutionOrderSort (0ms)
			DisableScriptedObjects (5ms)
			BackupInstance (0ms)
			ReleaseScriptingObjects (0ms)
			CreateAndSetChildDomain (16ms)
		EndReloadAssembly (1717ms)
			LoadAssemblies (98ms)
			RebuildTransferFunctionScriptingTraits (0ms)
			SetupTypeCache (340ms)
			ReleaseScriptCaches (1ms)
			RebuildScriptCaches (65ms)
			SetupLoadedEditorAssemblies (1159ms)
				LogAssemblyErrors (0ms)
				InitializePlatformSupportModulesInManaged (4ms)
				SetLoadedEditorAssemblies (0ms)
				RefreshPlugins (122ms)
				BeforeProcessingInitializeOnLoad (125ms)
				ProcessInitializeOnLoadAttributes (829ms)
				ProcessInitializeOnLoadMethodAttributes (73ms)
				AfterProcessingInitializeOnLoad (7ms)
				EditorAssembliesLoaded (0ms)
			ExecutionOrderSort2 (0ms)
			AwakeInstancesAfterBackupRestoration (5ms)
Platform modules already initialized, skipping
========================================================================
Worker process is ready to serve import requests
Launched and connected shader compiler UnityShaderCompiler.exe after 0.05 seconds
Refreshing native plugins compatible for Editor in 0.90 ms, found 3 plugins.
Preloading 0 native plugins for Editor in 0.00 ms.
Unloading 5620 Unused Serialized files (Serialized files now loaded: 0)
Unloading 56 unused Assets / (0.8 MB). Loaded Objects now: 6076.
Memory consumption went from 233.9 MB to 233.1 MB.
Total: 13.496300 ms (FindLiveObjects: 0.473000 ms CreateObjectMapping: 0.474900 ms MarkObjects: 12.209300 ms  DeleteObjects: 0.338000 ms)

AssetImportParameters requested are different than current active one (requested -> active):
  custom:video-decoder-ogg-theora: a1e56fd34408186e4bbccfd4996cb3dc -> 
  custom:container-muxer-webm: aa71ff27fc2769a1b78a27578f13a17b -> 
  custom:container-demuxer-webm: 4f35f7cbe854078d1ac9338744f61a02 -> 
  custom:video-encoder-webm-vp8: eb34c28f22e8b96e1ab97ce403110664 -> 
  custom:video-codec-MediaFoundation-h265: 746d11721c4dcdbdad8f713fa42b33f4 -> 
  custom:audio-encoder-webm-vorbis: bf7c407c2cedff20999df2af8eb42d56 -> 
  custom:framework-win-MediaFoundation: 216162199b28c13a410421893ffa2e32 -> 
  custom:container-demuxer-ogg: 62fdf1f143b41e24485cea50d1cbac27 -> 
  custom:video-decoder-webm-vp8: 9c59270c3fd7afecdb556c50c9e8de78 -> 
  custom:audio-decoder-ogg-vorbis: bf7c407c2cedff20999df2af8eb42d56 -> 
========================================================================
Received Import Request.
  Time since last request: 8436.822622 seconds.
  path: Assets/Prefabs/Ball.prefab
  artifactKey: Guid(868834973d5f3144e832722c53f9aabe) Importer(815301076,1909f56bfc062723c751e8b465ee728b)
Start importing Assets/Prefabs/Ball.prefab using Guid(868834973d5f3144e832722c53f9aabe) Importer(815301076,1909f56bfc062723c751e8b465ee728b)  -> (artifact id: '2218fa325e78df2c879be3f76a764589') in 0.303623 seconds 
========================================================================
Received Import Request.
  Time since last request: 1.784426 seconds.
  path: Assets/Prefabs/Ball.prefab
  artifactKey: Guid(868834973d5f3144e832722c53f9aabe) Importer(815301076,1909f56bfc062723c751e8b465ee728b)
Start importing Assets/Prefabs/Ball.prefab using Guid(868834973d5f3144e832722c53f9aabe) Importer(815301076,1909f56bfc062723c751e8b465ee728b)  -> (artifact id: '19b21d9e37eb282a2c66791151196ed6') in 0.083076 seconds 
========================================================================
Received Prepare
Registering precompiled user dll's ...
Registered in 0.039641 seconds.
Begin MonoManager ReloadAssembly
Symbol file LoadedFromMemory doesn't match image D:\Ball Maze\Library\PackageCache\com.unity.visualscripting@1.7.8\Editor\VisualScripting.Core\Dependencies\YamlDotNet\Unity.VisualScripting.YamlDotNet.dll
Symbol file LoadedFromMemory doesn't match image D:\Ball Maze\Library\PackageCache\com.unity.visualscripting@1.7.8\Editor\VisualScripting.Core\Dependencies\DotNetZip\Unity.VisualScripting.IonicZip.dll
Native extension for WindowsStandalone target not found
Refreshing native plugins compatible for Editor in 1.00 ms, found 3 plugins.
Preloading 0 native plugins for Editor in 0.00 ms.
Exception: Error! Visual Scripting: couldn't find visual scripting package
  at Unity.VisualScripting.PackageVersionUtility.get_version () [0x00043] in D:\Ball Maze\Library\PackageCache\com.unity.visualscripting@1.7.8\Editor\VisualScripting.Core\Utilities\PackageVersionUtility.cs:31 
  at Unity.VisualScripting.BoltCoreManifest.get_version () [0x00000] in D:\Ball Maze\Library\PackageCache\com.unity.visualscripting@1.7.8\Editor\VisualScripting.Core\Plugin\BoltCoreManifest.cs:11 
  at Unity.VisualScripting.PluginConfiguration.Initialize () [0x000ab] in D:\Ball Maze\Library\PackageCache\com.unity.visualscripting@1.7.8\Editor\VisualScripting.Core\Plugins\PluginConfiguration.cs:57 
  at Unity.VisualScripting.PluginContainer.Initialize () [0x004a3] in D:\Ball Maze\Library\PackageCache\com.unity.visualscripting@1.7.8\Editor\VisualScripting.Core\Plugins\PluginContainer.cs:199 
Rethrow as Exception: Failed to initialize plugin module 'VisualScripting.Core.BoltCoreConfiguration'.

UnityEngine.DebugLogHandler:Internal_LogException(Exception, Object)
UnityEngine.DebugLogHandler:LogException(Exception, Object)
UnityEngine.Logger:LogException(Exception, Object)
UnityEngine.Debug:LogException(Exception)
Unity.VisualScripting.PluginContainer:Initialize() (at Library\PackageCache\com.unity.visualscripting@1.7.8\Editor\VisualScripting.Core\Plugins\PluginContainer.cs:204)
Unity.VisualScripting.PluginContainer:InitializeOnLoad() (at Library\PackageCache\com.unity.visualscripting@1.7.8\Editor\VisualScripting.Core\Plugins\PluginContainer.cs:32)
Unity.VisualScripting.VSUsageUtility:DoInitializeOnLoadCalls() (at Library\PackageCache\com.unity.visualscripting@1.7.8\Editor\VisualScripting.Core\Utilities\VSUsageUtility.cs:76)
Unity.VisualScripting.VSUsageUtility:set_isVisualScriptingUsed(Boolean) (at Library\PackageCache\com.unity.visualscripting@1.7.8\Editor\VisualScripting.Core\Utilities\VSUsageUtility.cs:114)
Unity.VisualScripting.VSUsageUtility:CheckAndSetIsVisualScriptingUsed() (at Library\PackageCache\com.unity.visualscripting@1.7.8\Editor\VisualScripting.Core\Utilities\VSUsageUtility.cs:33)
Unity.VisualScripting.VSUsageUtility:.cctor() (at Library\PackageCache\com.unity.visualscripting@1.7.8\Editor\VisualScripting.Core\Utilities\VSUsageUtility.cs:22)
System.Runtime.CompilerServices.RuntimeHelpers:RunClassConstructor(IntPtr)
System.Runtime.CompilerServices.RuntimeHelpers:RunClassConstructor(RuntimeTypeHandle)
UnityEditor.EditorAssemblies:ProcessInitializeOnLoadAttributes(Type[])

(Filename: Library/PackageCache/com.unity.visualscripting@1.7.8/Editor/VisualScripting.Core/Plugins/PluginContainer.cs Line: 204)

System.Exception: Error! Visual Scripting: couldn't find visual scripting package
  at Unity.VisualScripting.PackageVersionUtility.get_version () [0x00043] in D:\Ball Maze\Library\PackageCache\com.unity.visualscripting@1.7.8\Editor\VisualScripting.Core\Utilities\PackageVersionUtility.cs:31 
  at Unity.VisualScripting.BoltCoreManifest.get_version () [0x00000] in D:\Ball Maze\Library\PackageCache\com.unity.visualscripting@1.7.8\Editor\VisualScripting.Core\Plugin\BoltCoreManifest.cs:11 
  at Unity.VisualScripting.PluginManifest.get_currentVersion () [0x00000] in D:\Ball Maze\Library\PackageCache\com.unity.visualscripting@1.7.8\Editor\VisualScripting.Core\Plugins\PluginManifest.cs:33 
  at Unity.VisualScripting.PluginManifest.get_versionMismatch () [0x00000] in D:\Ball Maze\Library\PackageCache\com.unity.visualscripting@1.7.8\Editor\VisualScripting.Core\Plugins\PluginManifest.cs:48 
  at Unity.VisualScripting.PluginContainer.Initialize () [0x00525] in D:\Ball Maze\Library\PackageCache\com.unity.visualscripting@1.7.8\Editor\VisualScripting.Core\Plugins\PluginContainer.cs:208 
  at Unity.VisualScripting.PluginContainer.InitializeOnLoad () [0x00009] in D:\Ball Maze\Library\PackageCache\com.unity.visualscripting@1.7.8\Editor\VisualScripting.Core\Plugins\PluginContainer.cs:32 
  at Unity.VisualScripting.VSUsageUtility.DoInitializeOnLoadCalls () [0x00034] in D:\Ball Maze\Library\PackageCache\com.unity.visualscripting@1.7.8\Editor\VisualScripting.Core\Utilities\VSUsageUtility.cs:76 
  at Unity.VisualScripting.VSUsageUtility.set_isVisualScriptingUsed (System.Boolean value) [0x0002c] in D:\Ball Maze\Library\PackageCache\com.unity.visualscripting@1.7.8\Editor\VisualScripting.Core\Utilities\VSUsageUtility.cs:114 
  at Unity.VisualScripting.VSUsageUtility.CheckAndSetIsVisualScriptingUsed () [0x0000d] in D:\Ball Maze\Library\PackageCache\com.unity.visualscripting@1.7.8\Editor\VisualScripting.Core\Utilities\VSUsageUtility.cs:33 
  at Unity.VisualScripting.VSUsageUtility..cctor () [0x00000] in D:\Ball Maze\Library\PackageCache\com.unity.visualscripting@1.7.8\Editor\VisualScripting.Core\Utilities\VSUsageUtility.cs:22 
UnityEngine.StackTraceUtility:ExtractStackTrace ()
UnityEngine.DebugLogHandler:LogFormat (UnityEngine.LogType,UnityEngine.Object,string,object[])
UnityEngine.Logger:Log (UnityEngine.LogType,object)
UnityEngine.Debug:LogError (object)
UnityEditor.EditorAssemblies:ProcessInitializeOnLoadAttributes (System.Type[])

Mono: successfully reloaded assembly
- Completed reload, in  1.965 seconds
Domain Reload Profiling:
	ReloadAssembly (1966ms)
		BeginReloadAssembly (189ms)
			ExecutionOrderSort (0ms)
			DisableScriptedObjects (7ms)
			BackupInstance (0ms)
			ReleaseScriptingObjects (0ms)
			CreateAndSetChildDomain (62ms)
		EndReloadAssembly (1654ms)
			LoadAssemblies (124ms)
			RebuildTransferFunctionScriptingTraits (0ms)
			SetupTypeCache (341ms)
			ReleaseScriptCaches (2ms)
			RebuildScriptCaches (47ms)
			SetupLoadedEditorAssemblies (773ms)
				LogAssemblyErrors (0ms)
				InitializePlatformSupportModulesInManaged (10ms)
				SetLoadedEditorAssemblies (0ms)
				RefreshPlugins (1ms)
				BeforeProcessingInitializeOnLoad (92ms)
				ProcessInitializeOnLoadAttributes (578ms)
				ProcessInitializeOnLoadMethodAttributes (85ms)
				AfterProcessingInitializeOnLoad (7ms)
				EditorAssembliesLoaded (0ms)
			ExecutionOrderSort2 (0ms)
			AwakeInstancesAfterBackupRestoration (11ms)
Platform modules already initialized, skipping
Refreshing native plugins compatible for Editor in 2.32 ms, found 3 plugins.
Preloading 0 native plugins for Editor in 0.00 ms.
Unloading 5475 Unused Serialized files (Serialized files now loaded: 0)
Unloading 37 unused Assets / (0.8 MB). Loaded Objects now: 6143.
Memory consumption went from 230.2 MB to 229.4 MB.
Total: 15.455500 ms (FindLiveObjects: 0.678000 ms CreateObjectMapping: 0.631400 ms MarkObjects: 13.519800 ms  DeleteObjects: 0.624700 ms)

AssetImportParameters requested are different than current active one (requested -> active):
  custom:video-decoder-ogg-theora: a1e56fd34408186e4bbccfd4996cb3dc -> 
  custom:container-muxer-webm: aa71ff27fc2769a1b78a27578f13a17b -> 
  custom:container-demuxer-webm: 4f35f7cbe854078d1ac9338744f61a02 -> 
  custom:video-encoder-webm-vp8: eb34c28f22e8b96e1ab97ce403110664 -> 
  custom:video-codec-MediaFoundation-h265: 746d11721c4dcdbdad8f713fa42b33f4 -> 
  custom:audio-encoder-webm-vorbis: bf7c407c2cedff20999df2af8eb42d56 -> 
  custom:framework-win-MediaFoundation: 216162199b28c13a410421893ffa2e32 -> 
  custom:container-demuxer-ogg: 62fdf1f143b41e24485cea50d1cbac27 -> 
  custom:video-decoder-webm-vp8: 9c59270c3fd7afecdb556c50c9e8de78 -> 
  custom:audio-decoder-ogg-vorbis: bf7c407c2cedff20999df2af8eb42d56 -> 
========================================================================
Received Import Request.
  Time since last request: 317.209871 seconds.
  path: Assets/Scenes/Levels.unity
  artifactKey: Guid(61ae98a29198e544ab729e80d80eda1e) Importer(815301076,1909f56bfc062723c751e8b465ee728b)
Start importing Assets/Scenes/Levels.unity using Guid(61ae98a29198e544ab729e80d80eda1e) Importer(815301076,1909f56bfc062723c751e8b465ee728b)  -> (artifact id: 'bbb409e9f3426a4eebc57bddf10c4c18') in 0.052249 seconds 
========================================================================
Received Prepare
Registering precompiled user dll's ...
Registered in 0.020251 seconds.
Begin MonoManager ReloadAssembly
Symbol file LoadedFromMemory doesn't match image D:\Ball Maze\Library\PackageCache\com.unity.visualscripting@1.7.8\Editor\VisualScripting.Core\Dependencies\YamlDotNet\Unity.VisualScripting.YamlDotNet.dll
Symbol file LoadedFromMemory doesn't match image D:\Ball Maze\Library\PackageCache\com.unity.visualscripting@1.7.8\Editor\VisualScripting.Core\Dependencies\DotNetZip\Unity.VisualScripting.IonicZip.dll
Native extension for WindowsStandalone target not found
Refreshing native plugins compatible for Editor in 0.95 ms, found 3 plugins.
Preloading 0 native plugins for Editor in 0.00 ms.
Exception: Error! Visual Scripting: couldn't find visual scripting package
  at Unity.VisualScripting.PackageVersionUtility.get_version () [0x00043] in D:\Ball Maze\Library\PackageCache\com.unity.visualscripting@1.7.8\Editor\VisualScripting.Core\Utilities\PackageVersionUtility.cs:31 
  at Unity.VisualScripting.BoltCoreManifest.get_version () [0x00000] in D:\Ball Maze\Library\PackageCache\com.unity.visualscripting@1.7.8\Editor\VisualScripting.Core\Plugin\BoltCoreManifest.cs:11 
  at Unity.VisualScripting.PluginConfiguration.Initialize () [0x000ab] in D:\Ball Maze\Library\PackageCache\com.unity.visualscripting@1.7.8\Editor\VisualScripting.Core\Plugins\PluginConfiguration.cs:57 
  at Unity.VisualScripting.PluginContainer.Initialize () [0x004a3] in D:\Ball Maze\Library\PackageCache\com.unity.visualscripting@1.7.8\Editor\VisualScripting.Core\Plugins\PluginContainer.cs:199 
Rethrow as Exception: Failed to initialize plugin module 'VisualScripting.Core.BoltCoreConfiguration'.

UnityEngine.DebugLogHandler:Internal_LogException(Exception, Object)
UnityEngine.DebugLogHandler:LogException(Exception, Object)
UnityEngine.Logger:LogException(Exception, Object)
UnityEngine.Debug:LogException(Exception)
Unity.VisualScripting.PluginContainer:Initialize() (at Library\PackageCache\com.unity.visualscripting@1.7.8\Editor\VisualScripting.Core\Plugins\PluginContainer.cs:204)
Unity.VisualScripting.PluginContainer:InitializeOnLoad() (at Library\PackageCache\com.unity.visualscripting@1.7.8\Editor\VisualScripting.Core\Plugins\PluginContainer.cs:32)
Unity.VisualScripting.VSUsageUtility:DoInitializeOnLoadCalls() (at Library\PackageCache\com.unity.visualscripting@1.7.8\Editor\VisualScripting.Core\Utilities\VSUsageUtility.cs:76)
Unity.VisualScripting.VSUsageUtility:set_isVisualScriptingUsed(Boolean) (at Library\PackageCache\com.unity.visualscripting@1.7.8\Editor\VisualScripting.Core\Utilities\VSUsageUtility.cs:114)
Unity.VisualScripting.VSUsageUtility:CheckAndSetIsVisualScriptingUsed() (at Library\PackageCache\com.unity.visualscripting@1.7.8\Editor\VisualScripting.Core\Utilities\VSUsageUtility.cs:33)
Unity.VisualScripting.VSUsageUtility:.cctor() (at Library\PackageCache\com.unity.visualscripting@1.7.8\Editor\VisualScripting.Core\Utilities\VSUsageUtility.cs:22)
System.Runtime.CompilerServices.RuntimeHelpers:RunClassConstructor(IntPtr)
System.Runtime.CompilerServices.RuntimeHelpers:RunClassConstructor(RuntimeTypeHandle)
UnityEditor.EditorAssemblies:ProcessInitializeOnLoadAttributes(Type[])

(Filename: Library/PackageCache/com.unity.visualscripting@1.7.8/Editor/VisualScripting.Core/Plugins/PluginContainer.cs Line: 204)

System.Exception: Error! Visual Scripting: couldn't find visual scripting package
  at Unity.VisualScripting.PackageVersionUtility.get_version () [0x00043] in D:\Ball Maze\Library\PackageCache\com.unity.visualscripting@1.7.8\Editor\VisualScripting.Core\Utilities\PackageVersionUtility.cs:31 
  at Unity.VisualScripting.BoltCoreManifest.get_version () [0x00000] in D:\Ball Maze\Library\PackageCache\com.unity.visualscripting@1.7.8\Editor\VisualScripting.Core\Plugin\BoltCoreManifest.cs:11 
  at Unity.VisualScripting.PluginManifest.get_currentVersion () [0x00000] in D:\Ball Maze\Library\PackageCache\com.unity.visualscripting@1.7.8\Editor\VisualScripting.Core\Plugins\PluginManifest.cs:33 
  at Unity.VisualScripting.PluginManifest.get_versionMismatch () [0x00000] in D:\Ball Maze\Library\PackageCache\com.unity.visualscripting@1.7.8\Editor\VisualScripting.Core\Plugins\PluginManifest.cs:48 
  at Unity.VisualScripting.PluginContainer.Initialize () [0x00525] in D:\Ball Maze\Library\PackageCache\com.unity.visualscripting@1.7.8\Editor\VisualScripting.Core\Plugins\PluginContainer.cs:208 
  at Unity.VisualScripting.PluginContainer.InitializeOnLoad () [0x00009] in D:\Ball Maze\Library\PackageCache\com.unity.visualscripting@1.7.8\Editor\VisualScripting.Core\Plugins\PluginContainer.cs:32 
  at Unity.VisualScripting.VSUsageUtility.DoInitializeOnLoadCalls () [0x00034] in D:\Ball Maze\Library\PackageCache\com.unity.visualscripting@1.7.8\Editor\VisualScripting.Core\Utilities\VSUsageUtility.cs:76 
  at Unity.VisualScripting.VSUsageUtility.set_isVisualScriptingUsed (System.Boolean value) [0x0002c] in D:\Ball Maze\Library\PackageCache\com.unity.visualscripting@1.7.8\Editor\VisualScripting.Core\Utilities\VSUsageUtility.cs:114 
  at Unity.VisualScripting.VSUsageUtility.CheckAndSetIsVisualScriptingUsed () [0x0000d] in D:\Ball Maze\Library\PackageCache\com.unity.visualscripting@1.7.8\Editor\VisualScripting.Core\Utilities\VSUsageUtility.cs:33 
  at Unity.VisualScripting.VSUsageUtility..cctor () [0x00000] in D:\Ball Maze\Library\PackageCache\com.unity.visualscripting@1.7.8\Editor\VisualScripting.Core\Utilities\VSUsageUtility.cs:22 
UnityEngine.StackTraceUtility:ExtractStackTrace ()
UnityEngine.DebugLogHandler:LogFormat (UnityEngine.LogType,UnityEngine.Object,string,object[])
UnityEngine.Logger:Log (UnityEngine.LogType,object)
UnityEngine.Debug:LogError (object)
UnityEditor.EditorAssemblies:ProcessInitializeOnLoadAttributes (System.Type[])

Mono: successfully reloaded assembly
- Completed reload, in  1.896 seconds
Domain Reload Profiling:
	ReloadAssembly (1897ms)
		BeginReloadAssembly (162ms)
			ExecutionOrderSort (0ms)
			DisableScriptedObjects (5ms)
			BackupInstance (0ms)
			ReleaseScriptingObjects (0ms)
			CreateAndSetChildDomain (56ms)
		EndReloadAssembly (1633ms)
			LoadAssemblies (106ms)
			RebuildTransferFunctionScriptingTraits (0ms)
			SetupTypeCache (331ms)
			ReleaseScriptCaches (2ms)
			RebuildScriptCaches (48ms)
			SetupLoadedEditorAssemblies (762ms)
				LogAssemblyErrors (0ms)
				InitializePlatformSupportModulesInManaged (12ms)
				SetLoadedEditorAssemblies (0ms)
				RefreshPlugins (1ms)
				BeforeProcessingInitializeOnLoad (91ms)
				ProcessInitializeOnLoadAttributes (577ms)
				ProcessInitializeOnLoadMethodAttributes (74ms)
				AfterProcessingInitializeOnLoad (6ms)
				EditorAssembliesLoaded (0ms)
			ExecutionOrderSort2 (0ms)
			AwakeInstancesAfterBackupRestoration (11ms)
Platform modules already initialized, skipping
Refreshing native plugins compatible for Editor in 3.38 ms, found 3 plugins.
Preloading 0 native plugins for Editor in 0.00 ms.
Unloading 5472 Unused Serialized files (Serialized files now loaded: 0)
Unloading 41 unused Assets / (0.8 MB). Loaded Objects now: 6154.
Memory consumption went from 229.7 MB to 228.9 MB.
Total: 13.429100 ms (FindLiveObjects: 0.471700 ms CreateObjectMapping: 0.413500 ms MarkObjects: 12.127600 ms  DeleteObjects: 0.414900 ms)

AssetImportParameters requested are different than current active one (requested -> active):
  custom:video-decoder-ogg-theora: a1e56fd34408186e4bbccfd4996cb3dc -> 
  custom:container-muxer-webm: aa71ff27fc2769a1b78a27578f13a17b -> 
  custom:container-demuxer-webm: 4f35f7cbe854078d1ac9338744f61a02 -> 
  custom:video-encoder-webm-vp8: eb34c28f22e8b96e1ab97ce403110664 -> 
  custom:video-codec-MediaFoundation-h265: 746d11721c4dcdbdad8f713fa42b33f4 -> 
  custom:audio-encoder-webm-vorbis: bf7c407c2cedff20999df2af8eb42d56 -> 
  custom:framework-win-MediaFoundation: 216162199b28c13a410421893ffa2e32 -> 
  custom:container-demuxer-ogg: 62fdf1f143b41e24485cea50d1cbac27 -> 
  custom:video-decoder-webm-vp8: 9c59270c3fd7afecdb556c50c9e8de78 -> 
  custom:audio-decoder-ogg-vorbis: bf7c407c2cedff20999df2af8eb42d56 -> 
========================================================================
Received Import Request.
  Time since last request: 700.503513 seconds.
  path: Assets/YughuesFreeMetalMaterials/Materials/M_YFMM_01.mat
  artifactKey: Guid(0799c0fca43b43549b92dbbb57355b63) Importer(815301076,1909f56bfc062723c751e8b465ee728b)
Start importing Assets/YughuesFreeMetalMaterials/Materials/M_YFMM_01.mat using Guid(0799c0fca43b43549b92dbbb57355b63) Importer(815301076,1909f56bfc062723c751e8b465ee728b) Tried select unknown importer for id '-2' '00000000000000000000000000000000'
 -> (artifact id: 'ccde7190a785734d8ed988894cd77dfe') in 0.605517 seconds 
========================================================================
Received Import Request.
  Time since last request: 0.000023 seconds.
  path: Assets/YughuesFreeMetalMaterials/Materials/M_YFMM_26.mat
  artifactKey: Guid(d114cde0600508c4f9eed72b935654e6) Importer(815301076,1909f56bfc062723c751e8b465ee728b)
Start importing Assets/YughuesFreeMetalMaterials/Materials/M_YFMM_26.mat using Guid(d114cde0600508c4f9eed72b935654e6) Importer(815301076,1909f56bfc062723c751e8b465ee728b)  -> (artifact id: '9078fc77a9126df5101db77a74179b9c') in 0.208490 seconds 
========================================================================
Received Import Request.
  Time since last request: 0.000028 seconds.
  path: Assets/YughuesFreeMetalMaterials/Materials/M_YFMM_19.mat
  artifactKey: Guid(c1039856c953f6143b366284c53ece75) Importer(815301076,1909f56bfc062723c751e8b465ee728b)
Start importing Assets/YughuesFreeMetalMaterials/Materials/M_YFMM_19.mat using Guid(c1039856c953f6143b366284c53ece75) Importer(815301076,1909f56bfc062723c751e8b465ee728b)  -> (artifact id: 'aab9ed7fbe4326af4d67a11492a25d93') in 0.183516 seconds 
========================================================================
Received Import Request.
  Time since last request: 0.000022 seconds.
  path: Assets/YughuesFreeMetalMaterials/Materials/M_YFMM_28.mat
  artifactKey: Guid(b80b25c8f396f7a41bcb9d182502dbf3) Importer(815301076,1909f56bfc062723c751e8b465ee728b)
Start importing Assets/YughuesFreeMetalMaterials/Materials/M_YFMM_28.mat using Guid(b80b25c8f396f7a41bcb9d182502dbf3) Importer(815301076,1909f56bfc062723c751e8b465ee728b)  -> (artifact id: '7b57fbf528ae29426f80c6b30dc2c542') in 0.206064 seconds 
========================================================================
Received Import Request.
  Time since last request: 0.000042 seconds.
  path: Assets/YughuesFreeMetalMaterials/Materials/M_YFMM_33.mat
  artifactKey: Guid(2d4eb4632ff89504084de124ceedf2e4) Importer(815301076,1909f56bfc062723c751e8b465ee728b)
Start importing Assets/YughuesFreeMetalMaterials/Materials/M_YFMM_33.mat using Guid(2d4eb4632ff89504084de124ceedf2e4) Importer(815301076,1909f56bfc062723c751e8b465ee728b)  -> (artifact id: 'e2642fd5064938d91c4def8b2fe71e98') in 0.212651 seconds 
========================================================================
Received Import Request.
  Time since last request: 0.000039 seconds.
  path: Assets/YughuesFreeMetalMaterials/Materials/M_YFMM_09.mat
  artifactKey: Guid(815726b91e0e2d34a84b7ddc790e5b86) Importer(815301076,1909f56bfc062723c751e8b465ee728b)
Start importing Assets/YughuesFreeMetalMaterials/Materials/M_YFMM_09.mat using Guid(815726b91e0e2d34a84b7ddc790e5b86) Importer(815301076,1909f56bfc062723c751e8b465ee728b)  -> (artifact id: '56cf223d2f6db823afbd07e5f21655b1') in 0.233444 seconds 
========================================================================
Received Import Request.
  Time since last request: 0.000025 seconds.
  path: Assets/YughuesFreeMetalMaterials/Materials/M_YFMM_18.mat
  artifactKey: Guid(f9d3d0adb0578be45993c6728d3cc2dc) Importer(815301076,1909f56bfc062723c751e8b465ee728b)
Start importing Assets/YughuesFreeMetalMaterials/Materials/M_YFMM_18.mat using Guid(f9d3d0adb0578be45993c6728d3cc2dc) Importer(815301076,1909f56bfc062723c751e8b465ee728b)  -> (artifact id: '9dc651105f830b739a6f02269832a58b') in 2.563051 seconds 
========================================================================
Received Import Request.
  Time since last request: 0.000033 seconds.
  path: Assets/YughuesFreeMetalMaterials/Materials/M_YFMM_20.mat
  artifactKey: Guid(b1ec81eca85a9d84ea5f62901c99f89d) Importer(815301076,1909f56bfc062723c751e8b465ee728b)
Start importing Assets/YughuesFreeMetalMaterials/Materials/M_YFMM_20.mat using Guid(b1ec81eca85a9d84ea5f62901c99f89d) Importer(815301076,1909f56bfc062723c751e8b465ee728b)  -> (artifact id: '3b5deec026d0899dd856028a0f8c2524') in 0.430798 seconds 
========================================================================
Received Import Request.
  Time since last request: 0.000028 seconds.
  path: Assets/YughuesFreeMetalMaterials/Materials/M_YFMM_31.mat
  artifactKey: Guid(08d90a021f5ea464d8839057832cbb6c) Importer(815301076,1909f56bfc062723c751e8b465ee728b)
Start importing Assets/YughuesFreeMetalMaterials/Materials/M_YFMM_31.mat using Guid(08d90a021f5ea464d8839057832cbb6c) Importer(815301076,1909f56bfc062723c751e8b465ee728b)  -> (artifact id: 'acfd606ecd59db3bfefc034e998cf0f8') in 0.301371 seconds 
========================================================================
Received Import Request.
  Time since last request: 0.000075 seconds.
  path: Assets/YughuesFreeMetalMaterials/Materials/M_YFMM_32.mat
  artifactKey: Guid(808e5bc0f76962c459361fe60e2d29ec) Importer(815301076,1909f56bfc062723c751e8b465ee728b)
Start importing Assets/YughuesFreeMetalMaterials/Materials/M_YFMM_32.mat using Guid(808e5bc0f76962c459361fe60e2d29ec) Importer(815301076,1909f56bfc062723c751e8b465ee728b)  -> (artifact id: '038c7d0ed089ccbc3536afea2dc736bf') in 0.317303 seconds 
========================================================================
Received Import Request.
  Time since last request: 0.000030 seconds.
  path: Assets/YughuesFreeMetalMaterials/Materials/M_YFMM_35.mat
  artifactKey: Guid(9607862bf90553342b6c7a1e3d273805) Importer(815301076,1909f56bfc062723c751e8b465ee728b)
Start importing Assets/YughuesFreeMetalMaterials/Materials/M_YFMM_35.mat using Guid(9607862bf90553342b6c7a1e3d273805) Importer(815301076,1909f56bfc062723c751e8b465ee728b)  -> (artifact id: '8f3b2116bc661b5efd1fa5752fd5233f') in 0.316333 seconds 
========================================================================
Received Import Request.
  Time since last request: 0.000031 seconds.
  path: Assets/YughuesFreeMetalMaterials/Materials/M_YFMM_06.mat
  artifactKey: Guid(404f9faecac1f6d43b5fcefa89522ab1) Importer(815301076,1909f56bfc062723c751e8b465ee728b)
Start importing Assets/YughuesFreeMetalMaterials/Materials/M_YFMM_06.mat using Guid(404f9faecac1f6d43b5fcefa89522ab1) Importer(815301076,1909f56bfc062723c751e8b465ee728b) Tried select unknown importer for id '-2' '00000000000000000000000000000000'
 -> (artifact id: '888cd532e3730c3757baab08cd142409') in 0.501637 seconds 
========================================================================
Received Import Request.
  Time since last request: 0.000023 seconds.
  path: Assets/YughuesFreeMetalMaterials/Materials/M_YFMM_10.mat
  artifactKey: Guid(ab4269e12763c2845868256b389e5b9b) Importer(815301076,1909f56bfc062723c751e8b465ee728b)
Start importing Assets/YughuesFreeMetalMaterials/Materials/M_YFMM_10.mat using Guid(ab4269e12763c2845868256b389e5b9b) Importer(815301076,1909f56bfc062723c751e8b465ee728b)  -> (artifact id: '05bb3a50bdd82f8184cbedb523cb2f6a') in 0.529304 seconds 
========================================================================
Received Import Request.
  Time since last request: 0.000045 seconds.
  path: Assets/YughuesFreeMetalMaterials/Materials/M_YFMM_13.mat
  artifactKey: Guid(0e3ad63f883b06b458c1ef2d59167313) Importer(815301076,1909f56bfc062723c751e8b465ee728b)
Start importing Assets/YughuesFreeMetalMaterials/Materials/M_YFMM_13.mat using Guid(0e3ad63f883b06b458c1ef2d59167313) Importer(815301076,1909f56bfc062723c751e8b465ee728b)  -> (artifact id: '00000000000000000000000000000000') in 5.414462 seconds  code(4) message(Build asset version error: assets/yughuesfreemetalmaterials/materials/m_yfmm_13.mat in SourceAssetDB has modification time of '2023-02-05T23:06:22Z' while content on disk has modification time of '0001-01-01T00:00:00Z' with error code 9
Stacktrace:
0x00007ff7237d930d (Unity) StackWalker::GetCurrentCallstack
0x00007ff7237dffe9 (Unity) StackWalker::ShowCallstack
0x00007ff72474d613 (Unity) GetStacktrace
0x00007ff724ae6c84 (Unity) GetAssetHashAndValidate
0x00007ff724ae24b8 (Unity) AssetVersionBuilder::BuildHashOfSourceAssetArray
0x00007ff724ae048d (Unity) AssetVersionBuilder::BuildAssetVersion
0x00007ff724a683a8 (Unity) CreateAssetVersionBuilder
0x00007ff724a6ef03 (Unity) ImportToObjects
0x00007ff724a6dc33 (Unity) ImportAsset
0x00007ff724a905e2 (Unity) AssetImportWorker::Import
0x00007ff724af58a4 (Unity) <lambda_28a9dd63239995ea16631cf66756f7a6>::operator()
0x00007ff724b36622 (Unity) asio::detail::completion_handler<core::mutable_function<void __cdecl(void)>,asio::io_context::basic_executor_type<std::allocator<void>,0> >::do_complete
0x00007ff724b22cae (Unity) asio::detail::win_iocp_io_context::do_one
0x00007ff724b24914 (Unity) asio::detail::win_iocp_io_context::run
0x00007ff724b34c9e (Unity) IOService::Run
0x00007ff724b0822f (Unity) AssetImportWorkerClient::Run
0x00007ff724ad2ad3 (Unity) RunAssetImportWorkerClientV2
0x00007ff724ad2b5b (Unity) RunAssetImporterV2
0x00007ff7242fc564 (Unity) Application::InitializeProject
0x00007ff724757d58 (Unity) WinMain
0x00007ff725adb42e (Unity) __scrt_common_main_seh
0x00007ffc6d6a26bd (KERNEL32) BaseThreadInitThunk
0x00007ffc6f22a9f8 (ntdll) RtlUserThreadStart
)
  ERROR: Build asset version error: assets/yughuesfreemetalmaterials/materials/m_yfmm_13.mat in SourceAssetDB has modification time of '2023-02-05T23:06:22Z' while content on disk has modification time of '0001-01-01T00:00:00Z' with error code 9
Stacktrace:
0x00007ff7237d930d (Unity) StackWalker::GetCurrentCallstack
0x00007ff7237dffe9 (Unity) StackWalker::ShowCallstack
0x00007ff72474d613 (Unity) GetStacktrace
0x00007ff724ae6c84 (Unity) GetAssetHashAndValidate
0x00007ff724ae24b8 (Unity) AssetVersionBuilder::BuildHashOfSourceAssetArray
0x00007ff724ae048d (Unity) AssetVersionBuilder::BuildAssetVersion
0x00007ff724a683a8 (Unity) CreateAssetVersionBuilder
0x00007ff724a6ef03 (Unity) ImportToObjects
0x00007ff724a6dc33 (Unity) ImportAsset
0x00007ff724a905e2 (Unity) AssetImportWorker::Import
0x00007ff724af58a4 (Unity) <lambda_28a9dd63239995ea16631cf66756f7a6>::operator()
0x00007ff724b36622 (Unity) asio::detail::completion_handler<core::mutable_function<void __cdecl(void)>,asio::io_context::basic_executor_type<std::allocator<void>,0> >::do_complete
0x00007ff724b22cae (Unity) asio::detail::win_iocp_io_context::do_one
0x00007ff724b24914 (Unity) asio::detail::win_iocp_io_context::run
0x00007ff724b34c9e (Unity) IOService::Run
0x00007ff724b0822f (Unity) AssetImportWorkerClient::Run
0x00007ff724ad2ad3 (Unity) RunAssetImportWorkerClientV2
0x00007ff724ad2b5b (Unity) RunAssetImporterV2
0x00007ff7242fc564 (Unity) Application::InitializeProject
0x00007ff724757d58 (Unity) WinMain
0x00007ff725adb42e (Unity) __scrt_common_main_seh
0x00007ffc6d6a26bd (KERNEL32) BaseThreadInitThunk
0x00007ffc6f22a9f8 (ntdll) RtlUserThreadStart

========================================================================
Received Import Request.
  Time since last request: 0.000030 seconds.
  path: Assets/YughuesFreeMetalMaterials/Materials/M_YFMM_16.mat
  artifactKey: Guid(54eb0a880c35ecd4fa56b3b6c33e8aaa) Importer(815301076,1909f56bfc062723c751e8b465ee728b)
Start importing Assets/YughuesFreeMetalMaterials/Materials/M_YFMM_16.mat using Guid(54eb0a880c35ecd4fa56b3b6c33e8aaa) Importer(815301076,1909f56bfc062723c751e8b465ee728b)  -> (artifact id: '00000000000000000000000000000000') in 0.017857 seconds  code(4) message(Build asset version error: assets/yughuesfreemetalmaterials/materials/m_yfmm_16.mat in SourceAssetDB has modification time of '2023-02-05T23:06:22Z' while content on disk has modification time of '0001-01-01T00:00:00Z' with error code 2
Stacktrace:
0x00007ff7237d930d (Unity) StackWalker::GetCurrentCallstack
0x00007ff7237dffe9 (Unity) StackWalker::ShowCallstack
0x00007ff72474d613 (Unity) GetStacktrace
0x00007ff724ae6c84 (Unity) GetAssetHashAndValidate
0x00007ff724ae24b8 (Unity) AssetVersionBuilder::BuildHashOfSourceAssetArray
0x00007ff724ae048d (Unity) AssetVersionBuilder::BuildAssetVersion
0x00007ff724a683a8 (Unity) CreateAssetVersionBuilder
0x00007ff724a6ef03 (Unity) ImportToObjects
0x00007ff724a6dc33 (Unity) ImportAsset
0x00007ff724a905e2 (Unity) AssetImportWorker::Import
0x00007ff724af58a4 (Unity) <lambda_28a9dd63239995ea16631cf66756f7a6>::operator()
0x00007ff724b36622 (Unity) asio::detail::completion_handler<core::mutable_function<void __cdecl(void)>,asio::io_context::basic_executor_type<std::allocator<void>,0> >::do_complete
0x00007ff724b22cae (Unity) asio::detail::win_iocp_io_context::do_one
0x00007ff724b24914 (Unity) asio::detail::win_iocp_io_context::run
0x00007ff724b34c9e (Unity) IOService::Run
0x00007ff724b0822f (Unity) AssetImportWorkerClient::Run
0x00007ff724ad2ad3 (Unity) RunAssetImportWorkerClientV2
0x00007ff724ad2b5b (Unity) RunAssetImporterV2
0x00007ff7242fc564 (Unity) Application::InitializeProject
0x00007ff724757d58 (Unity) WinMain
0x00007ff725adb42e (Unity) __scrt_common_main_seh
0x00007ffc6d6a26bd (KERNEL32) BaseThreadInitThunk
0x00007ffc6f22a9f8 (ntdll) RtlUserThreadStart
)
  ERROR: Build asset version error: assets/yughuesfreemetalmaterials/materials/m_yfmm_16.mat in SourceAssetDB has modification time of '2023-02-05T23:06:22Z' while content on disk has modification time of '0001-01-01T00:00:00Z' with error code 2
Stacktrace:
0x00007ff7237d930d (Unity) StackWalker::GetCurrentCallstack
0x00007ff7237dffe9 (Unity) StackWalker::ShowCallstack
0x00007ff72474d613 (Unity) GetStacktrace
0x00007ff724ae6c84 (Unity) GetAssetHashAndValidate
0x00007ff724ae24b8 (Unity) AssetVersionBuilder::BuildHashOfSourceAssetArray
0x00007ff724ae048d (Unity) AssetVersionBuilder::BuildAssetVersion
0x00007ff724a683a8 (Unity) CreateAssetVersionBuilder
0x00007ff724a6ef03 (Unity) ImportToObjects
0x00007ff724a6dc33 (Unity) ImportAsset
0x00007ff724a905e2 (Unity) AssetImportWorker::Import
0x00007ff724af58a4 (Unity) <lambda_28a9dd63239995ea16631cf66756f7a6>::operator()
0x00007ff724b36622 (Unity) asio::detail::completion_handler<core::mutable_function<void __cdecl(void)>,asio::io_context::basic_executor_type<std::allocator<void>,0> >::do_complete
0x00007ff724b22cae (Unity) asio::detail::win_iocp_io_context::do_one
0x00007ff724b24914 (Unity) asio::detail::win_iocp_io_context::run
0x00007ff724b34c9e (Unity) IOService::Run
0x00007ff724b0822f (Unity) AssetImportWorkerClient::Run
0x00007ff724ad2ad3 (Unity) RunAssetImportWorkerClientV2
0x00007ff724ad2b5b (Unity) RunAssetImporterV2
0x00007ff7242fc564 (Unity) Application::InitializeProject
0x00007ff724757d58 (Unity) WinMain
0x00007ff725adb42e (Unity) __scrt_common_main_seh
0x00007ffc6d6a26bd (KERNEL32) BaseThreadInitThunk
0x00007ffc6f22a9f8 (ntdll) RtlUserThreadStart

========================================================================
Received Import Request.
  Time since last request: 0.000029 seconds.
  path: Assets/YughuesFreeMetalMaterials/Materials/M_YFMM_27.mat
  artifactKey: Guid(3cd173ae4543f8745ac463237321e8db) Importer(815301076,1909f56bfc062723c751e8b465ee728b)
Start importing Assets/YughuesFreeMetalMaterials/Materials/M_YFMM_27.mat using Guid(3cd173ae4543f8745ac463237321e8db) Importer(815301076,1909f56bfc062723c751e8b465ee728b)  -> (artifact id: '00000000000000000000000000000000') in 0.018014 seconds  code(4) message(Build asset version error: assets/yughuesfreemetalmaterials/materials/m_yfmm_27.mat in SourceAssetDB has modification time of '2023-02-05T23:06:22Z' while content on disk has modification time of '0001-01-01T00:00:00Z' with error code 2
Stacktrace:
0x00007ff7237d930d (Unity) StackWalker::GetCurrentCallstack
0x00007ff7237dffe9 (Unity) StackWalker::ShowCallstack
0x00007ff72474d613 (Unity) GetStacktrace
0x00007ff724ae6c84 (Unity) GetAssetHashAndValidate
0x00007ff724ae24b8 (Unity) AssetVersionBuilder::BuildHashOfSourceAssetArray
0x00007ff724ae048d (Unity) AssetVersionBuilder::BuildAssetVersion
0x00007ff724a683a8 (Unity) CreateAssetVersionBuilder
0x00007ff724a6ef03 (Unity) ImportToObjects
0x00007ff724a6dc33 (Unity) ImportAsset
0x00007ff724a905e2 (Unity) AssetImportWorker::Import
0x00007ff724af58a4 (Unity) <lambda_28a9dd63239995ea16631cf66756f7a6>::operator()
0x00007ff724b36622 (Unity) asio::detail::completion_handler<core::mutable_function<void __cdecl(void)>,asio::io_context::basic_executor_type<std::allocator<void>,0> >::do_complete
0x00007ff724b22cae (Unity) asio::detail::win_iocp_io_context::do_one
0x00007ff724b24914 (Unity) asio::detail::win_iocp_io_context::run
0x00007ff724b34c9e (Unity) IOService::Run
0x00007ff724b0822f (Unity) AssetImportWorkerClient::Run
0x00007ff724ad2ad3 (Unity) RunAssetImportWorkerClientV2
0x00007ff724ad2b5b (Unity) RunAssetImporterV2
0x00007ff7242fc564 (Unity) Application::InitializeProject
0x00007ff724757d58 (Unity) WinMain
0x00007ff725adb42e (Unity) __scrt_common_main_seh
0x00007ffc6d6a26bd (KERNEL32) BaseThreadInitThunk
0x00007ffc6f22a9f8 (ntdll) RtlUserThreadStart
)
  ERROR: Build asset version error: assets/yughuesfreemetalmaterials/materials/m_yfmm_27.mat in SourceAssetDB has modification time of '2023-02-05T23:06:22Z' while content on disk has modification time of '0001-01-01T00:00:00Z' with error code 2
Stacktrace:
0x00007ff7237d930d (Unity) StackWalker::GetCurrentCallstack
0x00007ff7237dffe9 (Unity) StackWalker::ShowCallstack
0x00007ff72474d613 (Unity) GetStacktrace
0x00007ff724ae6c84 (Unity) GetAssetHashAndValidate
0x00007ff724ae24b8 (Unity) AssetVersionBuilder::BuildHashOfSourceAssetArray
0x00007ff724ae048d (Unity) AssetVersionBuilder::BuildAssetVersion
0x00007ff724a683a8 (Unity) CreateAssetVersionBuilder
0x00007ff724a6ef03 (Unity) ImportToObjects
0x00007ff724a6dc33 (Unity) ImportAsset
0x00007ff724a905e2 (Unity) AssetImportWorker::Import
0x00007ff724af58a4 (Unity) <lambda_28a9dd63239995ea16631cf66756f7a6>::operator()
0x00007ff724b36622 (Unity) asio::detail::completion_handler<core::mutable_function<void __cdecl(void)>,asio::io_context::basic_executor_type<std::allocator<void>,0> >::do_complete
0x00007ff724b22cae (Unity) asio::detail::win_iocp_io_context::do_one
0x00007ff724b24914 (Unity) asio::detail::win_iocp_io_context::run
0x00007ff724b34c9e (Unity) IOService::Run
0x00007ff724b0822f (Unity) AssetImportWorkerClient::Run
0x00007ff724ad2ad3 (Unity) RunAssetImportWorkerClientV2
0x00007ff724ad2b5b (Unity) RunAssetImporterV2
0x00007ff7242fc564 (Unity) Application::InitializeProject
0x00007ff724757d58 (Unity) WinMain
0x00007ff725adb42e (Unity) __scrt_common_main_seh
0x00007ffc6d6a26bd (KERNEL32) BaseThreadInitThunk
0x00007ffc6f22a9f8 (ntdll) RtlUserThreadStart

========================================================================
Received Import Request.
  Time since last request: 0.000022 seconds.
  path: Assets/YughuesFreeMetalMaterials/Materials/M_YFMM_29.mat
  artifactKey: Guid(c3f545871e6ad0b429875fb73852a671) Importer(815301076,1909f56bfc062723c751e8b465ee728b)
Start importing Assets/YughuesFreeMetalMaterials/Materials/M_YFMM_29.mat using Guid(c3f545871e6ad0b429875fb73852a671) Importer(815301076,1909f56bfc062723c751e8b465ee728b)  -> (artifact id: '00000000000000000000000000000000') in 0.019586 seconds  code(4) message(Build asset version error: assets/yughuesfreemetalmaterials/materials/m_yfmm_29.mat in SourceAssetDB has modification time of '2023-02-05T23:06:22Z' while content on disk has modification time of '0001-01-01T00:00:00Z' with error code 2
Stacktrace:
0x00007ff7237d930d (Unity) StackWalker::GetCurrentCallstack
0x00007ff7237dffe9 (Unity) StackWalker::ShowCallstack
0x00007ff72474d613 (Unity) GetStacktrace
0x00007ff724ae6c84 (Unity) GetAssetHashAndValidate
0x00007ff724ae24b8 (Unity) AssetVersionBuilder::BuildHashOfSourceAssetArray
0x00007ff724ae048d (Unity) AssetVersionBuilder::BuildAssetVersion
0x00007ff724a683a8 (Unity) CreateAssetVersionBuilder
0x00007ff724a6ef03 (Unity) ImportToObjects
0x00007ff724a6dc33 (Unity) ImportAsset
0x00007ff724a905e2 (Unity) AssetImportWorker::Import
0x00007ff724af58a4 (Unity) <lambda_28a9dd63239995ea16631cf66756f7a6>::operator()
0x00007ff724b36622 (Unity) asio::detail::completion_handler<core::mutable_function<void __cdecl(void)>,asio::io_context::basic_executor_type<std::allocator<void>,0> >::do_complete
0x00007ff724b22cae (Unity) asio::detail::win_iocp_io_context::do_one
0x00007ff724b24914 (Unity) asio::detail::win_iocp_io_context::run
0x00007ff724b34c9e (Unity) IOService::Run
0x00007ff724b0822f (Unity) AssetImportWorkerClient::Run
0x00007ff724ad2ad3 (Unity) RunAssetImportWorkerClientV2
0x00007ff724ad2b5b (Unity) RunAssetImporterV2
0x00007ff7242fc564 (Unity) Application::InitializeProject
0x00007ff724757d58 (Unity) WinMain
0x00007ff725adb42e (Unity) __scrt_common_main_seh
0x00007ffc6d6a26bd (KERNEL32) BaseThreadInitThunk
0x00007ffc6f22a9f8 (ntdll) RtlUserThreadStart
)
  ERROR: Build asset version error: assets/yughuesfreemetalmaterials/materials/m_yfmm_29.mat in SourceAssetDB has modification time of '2023-02-05T23:06:22Z' while content on disk has modification time of '0001-01-01T00:00:00Z' with error code 2
Stacktrace:
0x00007ff7237d930d (Unity) StackWalker::GetCurrentCallstack
0x00007ff7237dffe9 (Unity) StackWalker::ShowCallstack
0x00007ff72474d613 (Unity) GetStacktrace
0x00007ff724ae6c84 (Unity) GetAssetHashAndValidate
0x00007ff724ae24b8 (Unity) AssetVersionBuilder::BuildHashOfSourceAssetArray
0x00007ff724ae048d (Unity) AssetVersionBuilder::BuildAssetVersion
0x00007ff724a683a8 (Unity) CreateAssetVersionBuilder
0x00007ff724a6ef03 (Unity) ImportToObjects
0x00007ff724a6dc33 (Unity) ImportAsset
0x00007ff724a905e2 (Unity) AssetImportWorker::Import
0x00007ff724af58a4 (Unity) <lambda_28a9dd63239995ea16631cf66756f7a6>::operator()
0x00007ff724b36622 (Unity) asio::detail::completion_handler<core::mutable_function<void __cdecl(void)>,asio::io_context::basic_executor_type<std::allocator<void>,0> >::do_complete
0x00007ff724b22cae (Unity) asio::detail::win_iocp_io_context::do_one
0x00007ff724b24914 (Unity) asio::detail::win_iocp_io_context::run
0x00007ff724b34c9e (Unity) IOService::Run
0x00007ff724b0822f (Unity) AssetImportWorkerClient::Run
0x00007ff724ad2ad3 (Unity) RunAssetImportWorkerClientV2
0x00007ff724ad2b5b (Unity) RunAssetImporterV2
0x00007ff7242fc564 (Unity) Application::InitializeProject
0x00007ff724757d58 (Unity) WinMain
0x00007ff725adb42e (Unity) __scrt_common_main_seh
0x00007ffc6d6a26bd (KERNEL32) BaseThreadInitThunk
0x00007ffc6f22a9f8 (ntdll) RtlUserThreadStart

========================================================================
Received Import Request.
  Time since last request: 0.000034 seconds.
  path: Assets/YughuesFreeMetalMaterials/Materials/M_YFMM_05.mat
  artifactKey: Guid(d5c2611926b334e488e131369218f292) Importer(815301076,1909f56bfc062723c751e8b465ee728b)
Start importing Assets/YughuesFreeMetalMaterials/Materials/M_YFMM_05.mat using Guid(d5c2611926b334e488e131369218f292) Importer(815301076,1909f56bfc062723c751e8b465ee728b)  -> (artifact id: '00000000000000000000000000000000') in 0.024061 seconds  code(4) message(Build asset version error: assets/yughuesfreemetalmaterials/materials/m_yfmm_05.mat in SourceAssetDB has modification time of '2023-02-05T23:06:22Z' while content on disk has modification time of '0001-01-01T00:00:00Z' with error code 2
Stacktrace:
0x00007ff7237d930d (Unity) StackWalker::GetCurrentCallstack
0x00007ff7237dffe9 (Unity) StackWalker::ShowCallstack
0x00007ff72474d613 (Unity) GetStacktrace
0x00007ff724ae6c84 (Unity) GetAssetHashAndValidate
0x00007ff724ae24b8 (Unity) AssetVersionBuilder::BuildHashOfSourceAssetArray
0x00007ff724ae048d (Unity) AssetVersionBuilder::BuildAssetVersion
0x00007ff724a683a8 (Unity) CreateAssetVersionBuilder
0x00007ff724a6ef03 (Unity) ImportToObjects
0x00007ff724a6dc33 (Unity) ImportAsset
0x00007ff724a905e2 (Unity) AssetImportWorker::Import
0x00007ff724af58a4 (Unity) <lambda_28a9dd63239995ea16631cf66756f7a6>::operator()
0x00007ff724b36622 (Unity) asio::detail::completion_handler<core::mutable_function<void __cdecl(void)>,asio::io_context::basic_executor_type<std::allocator<void>,0> >::do_complete
0x00007ff724b22cae (Unity) asio::detail::win_iocp_io_context::do_one
0x00007ff724b24914 (Unity) asio::detail::win_iocp_io_context::run
0x00007ff724b34c9e (Unity) IOService::Run
0x00007ff724b0822f (Unity) AssetImportWorkerClient::Run
0x00007ff724ad2ad3 (Unity) RunAssetImportWorkerClientV2
0x00007ff724ad2b5b (Unity) RunAssetImporterV2
0x00007ff7242fc564 (Unity) Application::InitializeProject
0x00007ff724757d58 (Unity) WinMain
0x00007ff725adb42e (Unity) __scrt_common_main_seh
0x00007ffc6d6a26bd (KERNEL32) BaseThreadInitThunk
0x00007ffc6f22a9f8 (ntdll) RtlUserThreadStart
)
  ERROR: Build asset version error: assets/yughuesfreemetalmaterials/materials/m_yfmm_05.mat in SourceAssetDB has modification time of '2023-02-05T23:06:22Z' while content on disk has modification time of '0001-01-01T00:00:00Z' with error code 2
Stacktrace:
0x00007ff7237d930d (Unity) StackWalker::GetCurrentCallstack
0x00007ff7237dffe9 (Unity) StackWalker::ShowCallstack
0x00007ff72474d613 (Unity) GetStacktrace
0x00007ff724ae6c84 (Unity) GetAssetHashAndValidate
0x00007ff724ae24b8 (Unity) AssetVersionBuilder::BuildHashOfSourceAssetArray
0x00007ff724ae048d (Unity) AssetVersionBuilder::BuildAssetVersion
0x00007ff724a683a8 (Unity) CreateAssetVersionBuilder
0x00007ff724a6ef03 (Unity) ImportToObjects
0x00007ff724a6dc33 (Unity) ImportAsset
0x00007ff724a905e2 (Unity) AssetImportWorker::Import
0x00007ff724af58a4 (Unity) <lambda_28a9dd63239995ea16631cf66756f7a6>::operator()
0x00007ff724b36622 (Unity) asio::detail::completion_handler<core::mutable_function<void __cdecl(void)>,asio::io_context::basic_executor_type<std::allocator<void>,0> >::do_complete
0x00007ff724b22cae (Unity) asio::detail::win_iocp_io_context::do_one
0x00007ff724b24914 (Unity) asio::detail::win_iocp_io_context::run
0x00007ff724b34c9e (Unity) IOService::Run
0x00007ff724b0822f (Unity) AssetImportWorkerClient::Run
0x00007ff724ad2ad3 (Unity) RunAssetImportWorkerClientV2
0x00007ff724ad2b5b (Unity) RunAssetImporterV2
0x00007ff7242fc564 (Unity) Application::InitializeProject
0x00007ff724757d58 (Unity) WinMain
0x00007ff725adb42e (Unity) __scrt_common_main_seh
0x00007ffc6d6a26bd (KERNEL32) BaseThreadInitThunk
0x00007ffc6f22a9f8 (ntdll) RtlUserThreadStart

========================================================================
Received Import Request.
  Time since last request: 0.000030 seconds.
  path: Assets/YughuesFreeMetalMaterials/Materials/M_YFMM_17.mat
  artifactKey: Guid(719a1a58587c8784d86b0eec4539ef05) Importer(815301076,1909f56bfc062723c751e8b465ee728b)
Start importing Assets/YughuesFreeMetalMaterials/Materials/M_YFMM_17.mat using Guid(719a1a58587c8784d86b0eec4539ef05) Importer(815301076,1909f56bfc062723c751e8b465ee728b)  -> (artifact id: '00000000000000000000000000000000') in 0.007148 seconds  code(4) message(Build asset version error: assets/yughuesfreemetalmaterials/materials/m_yfmm_17.mat in SourceAssetDB has modification time of '2023-02-05T23:06:22Z' while content on disk has modification time of '0001-01-01T00:00:00Z' with error code 2
Stacktrace:
0x00007ff7237d930d (Unity) StackWalker::GetCurrentCallstack
0x00007ff7237dffe9 (Unity) StackWalker::ShowCallstack
0x00007ff72474d613 (Unity) GetStacktrace
0x00007ff724ae6c84 (Unity) GetAssetHashAndValidate
0x00007ff724ae24b8 (Unity) AssetVersionBuilder::BuildHashOfSourceAssetArray
0x00007ff724ae048d (Unity) AssetVersionBuilder::BuildAssetVersion
0x00007ff724a683a8 (Unity) CreateAssetVersionBuilder
0x00007ff724a6ef03 (Unity) ImportToObjects
0x00007ff724a6dc33 (Unity) ImportAsset
0x00007ff724a905e2 (Unity) AssetImportWorker::Import
0x00007ff724af58a4 (Unity) <lambda_28a9dd63239995ea16631cf66756f7a6>::operator()
0x00007ff724b36622 (Unity) asio::detail::completion_handler<core::mutable_function<void __cdecl(void)>,asio::io_context::basic_executor_type<std::allocator<void>,0> >::do_complete
0x00007ff724b22cae (Unity) asio::detail::win_iocp_io_context::do_one
0x00007ff724b24914 (Unity) asio::detail::win_iocp_io_context::run
0x00007ff724b34c9e (Unity) IOService::Run
0x00007ff724b0822f (Unity) AssetImportWorkerClient::Run
0x00007ff724ad2ad3 (Unity) RunAssetImportWorkerClientV2
0x00007ff724ad2b5b (Unity) RunAssetImporterV2
0x00007ff7242fc564 (Unity) Application::InitializeProject
0x00007ff724757d58 (Unity) WinMain
0x00007ff725adb42e (Unity) __scrt_common_main_seh
0x00007ffc6d6a26bd (KERNEL32) BaseThreadInitThunk
0x00007ffc6f22a9f8 (ntdll) RtlUserThreadStart
)
  ERROR: Build asset version error: assets/yughuesfreemetalmaterials/materials/m_yfmm_17.mat in SourceAssetDB has modification time of '2023-02-05T23:06:22Z' while content on disk has modification time of '0001-01-01T00:00:00Z' with error code 2
Stacktrace:
0x00007ff7237d930d (Unity) StackWalker::GetCurrentCallstack
0x00007ff7237dffe9 (Unity) StackWalker::ShowCallstack
0x00007ff72474d613 (Unity) GetStacktrace
0x00007ff724ae6c84 (Unity) GetAssetHashAndValidate
0x00007ff724ae24b8 (Unity) AssetVersionBuilder::BuildHashOfSourceAssetArray
0x00007ff724ae048d (Unity) AssetVersionBuilder::BuildAssetVersion
0x00007ff724a683a8 (Unity) CreateAssetVersionBuilder
0x00007ff724a6ef03 (Unity) ImportToObjects
0x00007ff724a6dc33 (Unity) ImportAsset
0x00007ff724a905e2 (Unity) AssetImportWorker::Import
0x00007ff724af58a4 (Unity) <lambda_28a9dd63239995ea16631cf66756f7a6>::operator()
0x00007ff724b36622 (Unity) asio::detail::completion_handler<core::mutable_function<void __cdecl(void)>,asio::io_context::basic_executor_type<std::allocator<void>,0> >::do_complete
0x00007ff724b22cae (Unity) asio::detail::win_iocp_io_context::do_one
0x00007ff724b24914 (Unity) asio::detail::win_iocp_io_context::run
0x00007ff724b34c9e (Unity) IOService::Run
0x00007ff724b0822f (Unity) AssetImportWorkerClient::Run
0x00007ff724ad2ad3 (Unity) RunAssetImportWorkerClientV2
0x00007ff724ad2b5b (Unity) RunAssetImporterV2
0x00007ff7242fc564 (Unity) Application::InitializeProject
0x00007ff724757d58 (Unity) WinMain
0x00007ff725adb42e (Unity) __scrt_common_main_seh
0x00007ffc6d6a26bd (KERNEL32) BaseThreadInitThunk
0x00007ffc6f22a9f8 (ntdll) RtlUserThreadStart

========================================================================
Received Import Request.
  Time since last request: 0.000027 seconds.
  path: Assets/YughuesFreeMetalMaterials/Materials/M_YFMM_21.mat
  artifactKey: Guid(d690ce46b58f6704caed1ffbff694459) Importer(815301076,1909f56bfc062723c751e8b465ee728b)
Start importing Assets/YughuesFreeMetalMaterials/Materials/M_YFMM_21.mat using Guid(d690ce46b58f6704caed1ffbff694459) Importer(815301076,1909f56bfc062723c751e8b465ee728b)  -> (artifact id: '00000000000000000000000000000000') in 0.021588 seconds  code(4) message(Build asset version error: assets/yughuesfreemetalmaterials/materials/m_yfmm_21.mat in SourceAssetDB has modification time of '2023-02-05T23:06:22Z' while content on disk has modification time of '0001-01-01T00:00:00Z' with error code 2
Stacktrace:
0x00007ff7237d930d (Unity) StackWalker::GetCurrentCallstack
0x00007ff7237dffe9 (Unity) StackWalker::ShowCallstack
0x00007ff72474d613 (Unity) GetStacktrace
0x00007ff724ae6c84 (Unity) GetAssetHashAndValidate
0x00007ff724ae24b8 (Unity) AssetVersionBuilder::BuildHashOfSourceAssetArray
0x00007ff724ae048d (Unity) AssetVersionBuilder::BuildAssetVersion
0x00007ff724a683a8 (Unity) CreateAssetVersionBuilder
0x00007ff724a6ef03 (Unity) ImportToObjects
0x00007ff724a6dc33 (Unity) ImportAsset
0x00007ff724a905e2 (Unity) AssetImportWorker::Import
0x00007ff724af58a4 (Unity) <lambda_28a9dd63239995ea16631cf66756f7a6>::operator()
0x00007ff724b36622 (Unity) asio::detail::completion_handler<core::mutable_function<void __cdecl(void)>,asio::io_context::basic_executor_type<std::allocator<void>,0> >::do_complete
0x00007ff724b22cae (Unity) asio::detail::win_iocp_io_context::do_one
0x00007ff724b24914 (Unity) asio::detail::win_iocp_io_context::run
0x00007ff724b34c9e (Unity) IOService::Run
0x00007ff724b0822f (Unity) AssetImportWorkerClient::Run
0x00007ff724ad2ad3 (Unity) RunAssetImportWorkerClientV2
0x00007ff724ad2b5b (Unity) RunAssetImporterV2
0x00007ff7242fc564 (Unity) Application::InitializeProject
0x00007ff724757d58 (Unity) WinMain
0x00007ff725adb42e (Unity) __scrt_common_main_seh
0x00007ffc6d6a26bd (KERNEL32) BaseThreadInitThunk
0x00007ffc6f22a9f8 (ntdll) RtlUserThreadStart
)
  ERROR: Build asset version error: assets/yughuesfreemetalmaterials/materials/m_yfmm_21.mat in SourceAssetDB has modification time of '2023-02-05T23:06:22Z' while content on disk has modification time of '0001-01-01T00:00:00Z' with error code 2
Stacktrace:
0x00007ff7237d930d (Unity) StackWalker::GetCurrentCallstack
0x00007ff7237dffe9 (Unity) StackWalker::ShowCallstack
0x00007ff72474d613 (Unity) GetStacktrace
0x00007ff724ae6c84 (Unity) GetAssetHashAndValidate
0x00007ff724ae24b8 (Unity) AssetVersionBuilder::BuildHashOfSourceAssetArray
0x00007ff724ae048d (Unity) AssetVersionBuilder::BuildAssetVersion
0x00007ff724a683a8 (Unity) CreateAssetVersionBuilder
0x00007ff724a6ef03 (Unity) ImportToObjects
0x00007ff724a6dc33 (Unity) ImportAsset
0x00007ff724a905e2 (Unity) AssetImportWorker::Import
0x00007ff724af58a4 (Unity) <lambda_28a9dd63239995ea16631cf66756f7a6>::operator()
0x00007ff724b36622 (Unity) asio::detail::completion_handler<core::mutable_function<void __cdecl(void)>,asio::io_context::basic_executor_type<std::allocator<void>,0> >::do_complete
0x00007ff724b22cae (Unity) asio::detail::win_iocp_io_context::do_one
0x00007ff724b24914 (Unity) asio::detail::win_iocp_io_context::run
0x00007ff724b34c9e (Unity) IOService::Run
0x00007ff724b0822f (Unity) AssetImportWorkerClient::Run
0x00007ff724ad2ad3 (Unity) RunAssetImportWorkerClientV2
0x00007ff724ad2b5b (Unity) RunAssetImporterV2
0x00007ff7242fc564 (Unity) Application::InitializeProject
0x00007ff724757d58 (Unity) WinMain
0x00007ff725adb42e (Unity) __scrt_common_main_seh
0x00007ffc6d6a26bd (KERNEL32) BaseThreadInitThunk
0x00007ffc6f22a9f8 (ntdll) RtlUserThreadStart

